<?xml version="1.0" encoding="UTF-8"?>
<!-- Generated by org.testng.reporters.JUnitXMLReporter -->
<testsuite ignored="0" hostname="ManishKumarJha" failures="0" tests="4" name="Default test" time="12.317" errors="0" timestamp="2024-03-17T19:20:49 IST">
  <testcase classname="api.tests.UserTests" name="testPostUser" time="4.413"/>
  <testcase classname="api.tests.UserTests" name="testGetUserByName" time="1.484"/>
  <testcase classname="api.tests.UserTests" name="testUpdateUserByName" time="2.894"/>
  <testcase classname="api.tests.UserTests" name="testDeleteUserByName" time="1.41"/>
</testsuite> <!-- Default test -->
