<?xml version="1.0" encoding="UTF-8"?>
<testng-results ignored="0" total="15" passed="15" failed="0" skipped="0">
  <reporter-output>
  </reporter-output>
  <suite started-at="2024-03-20T07:15:44 IST" name="PetSuite" finished-at="2024-03-20T07:16:17 IST" duration-ms="32588">
    <groups>
    </groups>
    <test started-at="2024-03-20T07:15:44 IST" name="Test" finished-at="2024-03-20T07:16:17 IST" duration-ms="32588">
      <class name="api.tests.UserTests">
        <test-method is-config="true" signature="setUpData()[pri:0, instance:api.tests.UserTests@498d318c]" started-at="2024-03-20T07:16:08 IST" name="setUpData" finished-at="2024-03-20T07:16:08 IST" duration-ms="106" status="PASS">
          <reporter-output>
          </reporter-output>
        </test-method> <!-- setUpData -->
        <test-method signature="testPostUser()[pri:1, instance:api.tests.UserTests@498d318c]" started-at="2024-03-20T07:16:08 IST" name="testPostUser" finished-at="2024-03-20T07:16:10 IST" duration-ms="1467" status="PASS">
          <reporter-output>
          </reporter-output>
        </test-method> <!-- testPostUser -->
        <test-method signature="testGetUserByName()[pri:2, instance:api.tests.UserTests@498d318c]" started-at="2024-03-20T07:16:10 IST" name="testGetUserByName" finished-at="2024-03-20T07:16:11 IST" duration-ms="1388" status="PASS">
          <reporter-output>
          </reporter-output>
        </test-method> <!-- testGetUserByName -->
        <test-method signature="testUpdateUserByName()[pri:3, instance:api.tests.UserTests@498d318c]" started-at="2024-03-20T07:16:11 IST" name="testUpdateUserByName" finished-at="2024-03-20T07:16:14 IST" duration-ms="2904" status="PASS">
          <reporter-output>
          </reporter-output>
        </test-method> <!-- testUpdateUserByName -->
        <test-method signature="testDeleteUserByName()[pri:4, instance:api.tests.UserTests@498d318c]" started-at="2024-03-20T07:16:14 IST" name="testDeleteUserByName" finished-at="2024-03-20T07:16:15 IST" duration-ms="1452" status="PASS">
          <reporter-output>
          </reporter-output>
        </test-method> <!-- testDeleteUserByName -->
      </class> <!-- api.tests.UserTests -->
      <class name="api.tests.DDTests">
        <test-method signature="testPostUser(java.lang.String,java.lang.String,java.lang.String,java.lang.String,java.lang.String,java.lang.String,java.lang.String)[pri:1, instance:api.tests.DDTests@3d74bf60]" started-at="2024-03-20T07:15:48 IST" name="testPostUser" data-provider="Data" finished-at="2024-03-20T07:15:53 IST" duration-ms="4385" status="PASS">
          <params>
            <param index="0">
              <value>
                <![CDATA[1010]]>
              </value>
            </param>
            <param index="1">
              <value>
                <![CDATA[Testuser1]]>
              </value>
            </param>
            <param index="2">
              <value>
                <![CDATA[Manish]]>
              </value>
            </param>
            <param index="3">
              <value>
                <![CDATA[Jha]]>
              </value>
            </param>
            <param index="4">
              <value>
                <![CDATA[m@gmail.com]]>
              </value>
            </param>
            <param index="5">
              <value>
                <![CDATA[mani@123]]>
              </value>
            </param>
            <param index="6">
              <value>
                <![CDATA[8596325144]]>
              </value>
            </param>
          </params>
          <reporter-output>
          </reporter-output>
        </test-method> <!-- testPostUser -->
        <test-method signature="testPostUser(java.lang.String,java.lang.String,java.lang.String,java.lang.String,java.lang.String,java.lang.String,java.lang.String)[pri:1, instance:api.tests.DDTests@3d74bf60]" started-at="2024-03-20T07:15:53 IST" name="testPostUser" data-provider="Data" finished-at="2024-03-20T07:15:54 IST" duration-ms="1478" status="PASS">
          <params>
            <param index="0">
              <value>
                <![CDATA[1035]]>
              </value>
            </param>
            <param index="1">
              <value>
                <![CDATA[Testuser2]]>
              </value>
            </param>
            <param index="2">
              <value>
                <![CDATA[Nehal]]>
              </value>
            </param>
            <param index="3">
              <value>
                <![CDATA[Anand]]>
              </value>
            </param>
            <param index="4">
              <value>
                <![CDATA[n@gmail.com]]>
              </value>
            </param>
            <param index="5">
              <value>
                <![CDATA[nehal@1123]]>
              </value>
            </param>
            <param index="6">
              <value>
                <![CDATA[7896515628]]>
              </value>
            </param>
          </params>
          <reporter-output>
          </reporter-output>
        </test-method> <!-- testPostUser -->
        <test-method signature="testPostUser(java.lang.String,java.lang.String,java.lang.String,java.lang.String,java.lang.String,java.lang.String,java.lang.String)[pri:1, instance:api.tests.DDTests@3d74bf60]" started-at="2024-03-20T07:15:54 IST" name="testPostUser" data-provider="Data" finished-at="2024-03-20T07:15:56 IST" duration-ms="1530" status="PASS">
          <params>
            <param index="0">
              <value>
                <![CDATA[1052]]>
              </value>
            </param>
            <param index="1">
              <value>
                <![CDATA[testuser3]]>
              </value>
            </param>
            <param index="2">
              <value>
                <![CDATA[vikash]]>
              </value>
            </param>
            <param index="3">
              <value>
                <![CDATA[Mishra]]>
              </value>
            </param>
            <param index="4">
              <value>
                <![CDATA[v@gmail.com]]>
              </value>
            </param>
            <param index="5">
              <value>
                <![CDATA[v@123]]>
              </value>
            </param>
            <param index="6">
              <value>
                <![CDATA[7897864531]]>
              </value>
            </param>
          </params>
          <reporter-output>
          </reporter-output>
        </test-method> <!-- testPostUser -->
        <test-method signature="testDeleteUserByName(java.lang.String)[pri:2, instance:api.tests.DDTests@3d74bf60]" started-at="2024-03-20T07:15:56 IST" name="testDeleteUserByName" data-provider="UserNames" finished-at="2024-03-20T07:15:57 IST" duration-ms="1434" status="PASS">
          <params>
            <param index="0">
              <value>
                <![CDATA[Testuser1]]>
              </value>
            </param>
          </params>
          <reporter-output>
          </reporter-output>
        </test-method> <!-- testDeleteUserByName -->
        <test-method signature="testDeleteUserByName(java.lang.String)[pri:2, instance:api.tests.DDTests@3d74bf60]" started-at="2024-03-20T07:15:57 IST" name="testDeleteUserByName" data-provider="UserNames" finished-at="2024-03-20T07:15:59 IST" duration-ms="1504" status="PASS">
          <params>
            <param index="0">
              <value>
                <![CDATA[Testuser2]]>
              </value>
            </param>
          </params>
          <reporter-output>
          </reporter-output>
        </test-method> <!-- testDeleteUserByName -->
        <test-method signature="testDeleteUserByName(java.lang.String)[pri:2, instance:api.tests.DDTests@3d74bf60]" started-at="2024-03-20T07:15:59 IST" name="testDeleteUserByName" data-provider="UserNames" finished-at="2024-03-20T07:16:00 IST" duration-ms="1457" status="PASS">
          <params>
            <param index="0">
              <value>
                <![CDATA[testuser3]]>
              </value>
            </param>
          </params>
          <reporter-output>
          </reporter-output>
        </test-method> <!-- testDeleteUserByName -->
      </class> <!-- api.tests.DDTests -->
      <class name="api.tests.StoreTests">
        <test-method is-config="true" signature="setUpData()[pri:0, instance:api.tests.StoreTests@6e171cd7]" started-at="2024-03-20T07:16:15 IST" name="setUpData" finished-at="2024-03-20T07:16:15 IST" duration-ms="4" status="PASS">
          <reporter-output>
          </reporter-output>
        </test-method> <!-- setUpData -->
        <test-method signature="testPostStore()[pri:0, instance:api.tests.StoreTests@6e171cd7]" started-at="2024-03-20T07:16:15 IST" name="testPostStore" finished-at="2024-03-20T07:16:17 IST" duration-ms="1424" status="PASS">
          <reporter-output>
          </reporter-output>
        </test-method> <!-- testPostStore -->
      </class> <!-- api.tests.StoreTests -->
      <class name="api.tests.UserTests2">
        <test-method is-config="true" signature="setUpData()[pri:0, instance:api.tests.UserTests2@40ef3420]" started-at="2024-03-20T07:16:00 IST" name="setUpData" finished-at="2024-03-20T07:16:01 IST" duration-ms="383" status="PASS">
          <reporter-output>
          </reporter-output>
        </test-method> <!-- setUpData -->
        <test-method signature="testPostUser()[pri:1, instance:api.tests.UserTests2@40ef3420]" started-at="2024-03-20T07:16:01 IST" name="testPostUser" finished-at="2024-03-20T07:16:02 IST" duration-ms="1512" status="PASS">
          <reporter-output>
          </reporter-output>
        </test-method> <!-- testPostUser -->
        <test-method signature="testGetUserByName()[pri:2, instance:api.tests.UserTests2@40ef3420]" started-at="2024-03-20T07:16:02 IST" name="testGetUserByName" finished-at="2024-03-20T07:16:04 IST" duration-ms="1471" status="PASS">
          <reporter-output>
          </reporter-output>
        </test-method> <!-- testGetUserByName -->
        <test-method signature="testUpdateUserByName()[pri:3, instance:api.tests.UserTests2@40ef3420]" started-at="2024-03-20T07:16:04 IST" name="testUpdateUserByName" finished-at="2024-03-20T07:16:07 IST" duration-ms="2893" status="PASS">
          <reporter-output>
          </reporter-output>
        </test-method> <!-- testUpdateUserByName -->
        <test-method signature="testDeleteUserByName()[pri:4, instance:api.tests.UserTests2@40ef3420]" started-at="2024-03-20T07:16:07 IST" name="testDeleteUserByName" finished-at="2024-03-20T07:16:08 IST" duration-ms="1493" status="PASS">
          <reporter-output>
          </reporter-output>
        </test-method> <!-- testDeleteUserByName -->
      </class> <!-- api.tests.UserTests2 -->
    </test> <!-- Test -->
  </suite> <!-- PetSuite -->
</testng-results>
