<?xml version="1.0" encoding="UTF-8"?>
<testng-results ignored="0" total="14" passed="14" failed="0" skipped="0">
  <reporter-output>
  </reporter-output>
  <suite started-at="2024-03-18T09:03:31 IST" name="PetSuite" finished-at="2024-03-18T09:04:05 IST" duration-ms="33938">
    <groups>
    </groups>
    <test started-at="2024-03-18T09:03:31 IST" name="Test" finished-at="2024-03-18T09:04:05 IST" duration-ms="33938">
      <class name="api.tests.UserTests">
        <test-method is-config="true" signature="setUpData()[pri:0, instance:api.tests.UserTests@498d318c]" started-at="2024-03-18T09:03:58 IST" name="setUpData" finished-at="2024-03-18T09:03:59 IST" duration-ms="80" status="PASS">
          <reporter-output>
          </reporter-output>
        </test-method> <!-- setUpData -->
        <test-method signature="testPostUser()[pri:1, instance:api.tests.UserTests@498d318c]" started-at="2024-03-18T09:03:59 IST" name="testPostUser" finished-at="2024-03-18T09:04:00 IST" duration-ms="1331" status="PASS">
          <reporter-output>
          </reporter-output>
        </test-method> <!-- testPostUser -->
        <test-method signature="testGetUserByName()[pri:2, instance:api.tests.UserTests@498d318c]" started-at="2024-03-18T09:04:00 IST" name="testGetUserByName" finished-at="2024-03-18T09:04:01 IST" duration-ms="1314" status="PASS">
          <reporter-output>
          </reporter-output>
        </test-method> <!-- testGetUserByName -->
        <test-method signature="testUpdateUserByName()[pri:3, instance:api.tests.UserTests@498d318c]" started-at="2024-03-18T09:04:01 IST" name="testUpdateUserByName" finished-at="2024-03-18T09:04:04 IST" duration-ms="2510" status="PASS">
          <reporter-output>
          </reporter-output>
        </test-method> <!-- testUpdateUserByName -->
        <test-method signature="testDeleteUserByName()[pri:4, instance:api.tests.UserTests@498d318c]" started-at="2024-03-18T09:04:04 IST" name="testDeleteUserByName" finished-at="2024-03-18T09:04:05 IST" duration-ms="1251" status="PASS">
          <reporter-output>
          </reporter-output>
        </test-method> <!-- testDeleteUserByName -->
      </class> <!-- api.tests.UserTests -->
      <class name="api.tests.DDTests">
        <test-method signature="testPostUser(java.lang.String,java.lang.String,java.lang.String,java.lang.String,java.lang.String,java.lang.String,java.lang.String)[pri:1, instance:api.tests.DDTests@3d74bf60]" started-at="2024-03-18T09:03:38 IST" name="testPostUser" data-provider="Data" finished-at="2024-03-18T09:03:44 IST" duration-ms="6599" status="PASS">
          <params>
            <param index="0">
              <value>
                <![CDATA[1010]]>
              </value>
            </param>
            <param index="1">
              <value>
                <![CDATA[Testuser1]]>
              </value>
            </param>
            <param index="2">
              <value>
                <![CDATA[Manish]]>
              </value>
            </param>
            <param index="3">
              <value>
                <![CDATA[Jha]]>
              </value>
            </param>
            <param index="4">
              <value>
                <![CDATA[m@gmail.com]]>
              </value>
            </param>
            <param index="5">
              <value>
                <![CDATA[mani@123]]>
              </value>
            </param>
            <param index="6">
              <value>
                <![CDATA[8596325144]]>
              </value>
            </param>
          </params>
          <reporter-output>
          </reporter-output>
        </test-method> <!-- testPostUser -->
        <test-method signature="testPostUser(java.lang.String,java.lang.String,java.lang.String,java.lang.String,java.lang.String,java.lang.String,java.lang.String)[pri:1, instance:api.tests.DDTests@3d74bf60]" started-at="2024-03-18T09:03:44 IST" name="testPostUser" data-provider="Data" finished-at="2024-03-18T09:03:46 IST" duration-ms="1359" status="PASS">
          <params>
            <param index="0">
              <value>
                <![CDATA[1035]]>
              </value>
            </param>
            <param index="1">
              <value>
                <![CDATA[Testuser2]]>
              </value>
            </param>
            <param index="2">
              <value>
                <![CDATA[Nehal]]>
              </value>
            </param>
            <param index="3">
              <value>
                <![CDATA[Anand]]>
              </value>
            </param>
            <param index="4">
              <value>
                <![CDATA[n@gmail.com]]>
              </value>
            </param>
            <param index="5">
              <value>
                <![CDATA[nehal@1123]]>
              </value>
            </param>
            <param index="6">
              <value>
                <![CDATA[7896515628]]>
              </value>
            </param>
          </params>
          <reporter-output>
          </reporter-output>
        </test-method> <!-- testPostUser -->
        <test-method signature="testPostUser(java.lang.String,java.lang.String,java.lang.String,java.lang.String,java.lang.String,java.lang.String,java.lang.String)[pri:1, instance:api.tests.DDTests@3d74bf60]" started-at="2024-03-18T09:03:46 IST" name="testPostUser" data-provider="Data" finished-at="2024-03-18T09:03:47 IST" duration-ms="1228" status="PASS">
          <params>
            <param index="0">
              <value>
                <![CDATA[1052]]>
              </value>
            </param>
            <param index="1">
              <value>
                <![CDATA[testuser3]]>
              </value>
            </param>
            <param index="2">
              <value>
                <![CDATA[vikash]]>
              </value>
            </param>
            <param index="3">
              <value>
                <![CDATA[Mishra]]>
              </value>
            </param>
            <param index="4">
              <value>
                <![CDATA[v@gmail.com]]>
              </value>
            </param>
            <param index="5">
              <value>
                <![CDATA[v@123]]>
              </value>
            </param>
            <param index="6">
              <value>
                <![CDATA[7897864531]]>
              </value>
            </param>
          </params>
          <reporter-output>
          </reporter-output>
        </test-method> <!-- testPostUser -->
        <test-method signature="testDeleteUserByName(java.lang.String)[pri:2, instance:api.tests.DDTests@3d74bf60]" started-at="2024-03-18T09:03:47 IST" name="testDeleteUserByName" data-provider="UserNames" finished-at="2024-03-18T09:03:48 IST" duration-ms="1260" status="PASS">
          <params>
            <param index="0">
              <value>
                <![CDATA[Testuser1]]>
              </value>
            </param>
          </params>
          <reporter-output>
          </reporter-output>
        </test-method> <!-- testDeleteUserByName -->
        <test-method signature="testDeleteUserByName(java.lang.String)[pri:2, instance:api.tests.DDTests@3d74bf60]" started-at="2024-03-18T09:03:48 IST" name="testDeleteUserByName" data-provider="UserNames" finished-at="2024-03-18T09:03:50 IST" duration-ms="1965" status="PASS">
          <params>
            <param index="0">
              <value>
                <![CDATA[Testuser2]]>
              </value>
            </param>
          </params>
          <reporter-output>
          </reporter-output>
        </test-method> <!-- testDeleteUserByName -->
        <test-method signature="testDeleteUserByName(java.lang.String)[pri:2, instance:api.tests.DDTests@3d74bf60]" started-at="2024-03-18T09:03:50 IST" name="testDeleteUserByName" data-provider="UserNames" finished-at="2024-03-18T09:03:52 IST" duration-ms="1289" status="PASS">
          <params>
            <param index="0">
              <value>
                <![CDATA[testuser3]]>
              </value>
            </param>
          </params>
          <reporter-output>
          </reporter-output>
        </test-method> <!-- testDeleteUserByName -->
      </class> <!-- api.tests.DDTests -->
      <class name="api.tests.UserTests2">
        <test-method is-config="true" signature="setUpData()[pri:0, instance:api.tests.UserTests2@40ef3420]" started-at="2024-03-18T09:03:52 IST" name="setUpData" finished-at="2024-03-18T09:03:52 IST" duration-ms="457" status="PASS">
          <reporter-output>
          </reporter-output>
        </test-method> <!-- setUpData -->
        <test-method signature="testPostUser()[pri:1, instance:api.tests.UserTests2@40ef3420]" started-at="2024-03-18T09:03:52 IST" name="testPostUser" finished-at="2024-03-18T09:03:53 IST" duration-ms="1417" status="PASS">
          <reporter-output>
          </reporter-output>
        </test-method> <!-- testPostUser -->
        <test-method signature="testGetUserByName()[pri:2, instance:api.tests.UserTests2@40ef3420]" started-at="2024-03-18T09:03:53 IST" name="testGetUserByName" finished-at="2024-03-18T09:03:55 IST" duration-ms="1277" status="PASS">
          <reporter-output>
          </reporter-output>
        </test-method> <!-- testGetUserByName -->
        <test-method signature="testUpdateUserByName()[pri:3, instance:api.tests.UserTests2@40ef3420]" started-at="2024-03-18T09:03:55 IST" name="testUpdateUserByName" finished-at="2024-03-18T09:03:57 IST" duration-ms="2437" status="PASS">
          <reporter-output>
          </reporter-output>
        </test-method> <!-- testUpdateUserByName -->
        <test-method signature="testDeleteUserByName()[pri:4, instance:api.tests.UserTests2@40ef3420]" started-at="2024-03-18T09:03:57 IST" name="testDeleteUserByName" finished-at="2024-03-18T09:03:58 IST" duration-ms="1255" status="PASS">
          <reporter-output>
          </reporter-output>
        </test-method> <!-- testDeleteUserByName -->
      </class> <!-- api.tests.UserTests2 -->
    </test> <!-- Test -->
  </suite> <!-- PetSuite -->
</testng-results>
