<?xml version="1.0" encoding="UTF-8"?>
<!-- Generated by org.testng.reporters.JUnitXMLReporter -->
<testsuite ignored="0" hostname="ManishKumarJha" failures="0" tests="15" name="Test" time="32.588" errors="0" timestamp="2024-03-20T07:16:17 IST">
  <testcase classname="api.tests.DDTests" name="testPostUser" time="4.385"/>
  <testcase classname="api.tests.DDTests" name="testPostUser" time="1.478"/>
  <testcase classname="api.tests.DDTests" name="testPostUser" time="1.53"/>
  <testcase classname="api.tests.DDTests" name="testDeleteUserByName" time="1.434"/>
  <testcase classname="api.tests.DDTests" name="testDeleteUserByName" time="1.504"/>
  <testcase classname="api.tests.DDTests" name="testDeleteUserByName" time="1.457"/>
  <testcase classname="api.tests.UserTests2" name="testPostUser" time="1.512"/>
  <testcase classname="api.tests.UserTests2" name="testGetUserByName" time="1.471"/>
  <testcase classname="api.tests.UserTests2" name="testUpdateUserByName" time="2.893"/>
  <testcase classname="api.tests.UserTests2" name="testDeleteUserByName" time="1.493"/>
  <testcase classname="api.tests.UserTests" name="testPostUser" time="1.467"/>
  <testcase classname="api.tests.UserTests" name="testGetUserByName" time="1.388"/>
  <testcase classname="api.tests.UserTests" name="testUpdateUserByName" time="2.904"/>
  <testcase classname="api.tests.UserTests" name="testDeleteUserByName" time="1.452"/>
  <testcase classname="api.tests.StoreTests" name="testPostStore" time="1.424"/>
</testsuite> <!-- Test -->
