<?xml version="1.0" encoding="UTF-8"?>
<!-- Generated by org.testng.reporters.JUnitXMLReporter -->
<testsuite ignored="0" hostname="ManishKumarJha" failures="0" tests="14" name="Test" time="33.938" errors="0" timestamp="2024-03-18T09:04:05 IST">
  <testcase classname="api.tests.DDTests" name="testPostUser" time="6.599"/>
  <testcase classname="api.tests.DDTests" name="testPostUser" time="1.359"/>
  <testcase classname="api.tests.DDTests" name="testPostUser" time="1.228"/>
  <testcase classname="api.tests.DDTests" name="testDeleteUserByName" time="1.26"/>
  <testcase classname="api.tests.DDTests" name="testDeleteUserByName" time="1.965"/>
  <testcase classname="api.tests.DDTests" name="testDeleteUserByName" time="1.289"/>
  <testcase classname="api.tests.UserTests2" name="testPostUser" time="1.417"/>
  <testcase classname="api.tests.UserTests2" name="testGetUserByName" time="1.277"/>
  <testcase classname="api.tests.UserTests2" name="testUpdateUserByName" time="2.437"/>
  <testcase classname="api.tests.UserTests2" name="testDeleteUserByName" time="1.255"/>
  <testcase classname="api.tests.UserTests" name="testPostUser" time="1.331"/>
  <testcase classname="api.tests.UserTests" name="testGetUserByName" time="1.314"/>
  <testcase classname="api.tests.UserTests" name="testUpdateUserByName" time="2.51"/>
  <testcase classname="api.tests.UserTests" name="testDeleteUserByName" time="1.251"/>
</testsuite> <!-- Test -->
